<?xml version="1.0" encoding="utf-8"?><TestRun id="49990dcd-e925-4b22-861e-1497b9054e9b" name="@481fb120bcb4 2019-05-02 13:36:48" xmlns="http://microsoft.com/schemas/VisualStudio/TeamTest/2010"><Times creation="2019-05-02T13:36:48.0324374+00:00" queuing="2019-05-02T13:36:48.0324450+00:00" start="2019-05-02T13:36:43.3884181+00:00" finish="2019-05-02T13:36:48.0638616+00:00" /><TestSettings name="default" id="e27d1460-d838-428b-b678-de309c720bc4"><Deployment runDeploymentRoot="_481fb120bcb4_2019-05-02_13_36_48" /></TestSettings><Results><UnitTestResult executionId="abbb4f6a-fe6a-495d-b39b-156a6be893c4" testId="74d30aac-1d2c-4f7a-b5b5-eb7e9e536b15" testName="WebApi.Tests.BeersController_.Should_Return_A_List_Of_Beers" computerName="481fb120bcb4" duration="00:00:01.0420000" startTime="2019-05-02T13:36:47.8888997+00:00" endTime="2019-05-02T13:36:47.8889026+00:00" testType="13cdc9d9-ddb5-4fa4-a97d-d965ccfc6d4b" outcome="Passed" testListId="8c84fa94-04c1-424b-9868-57a2d4851a1d" relativeResultsDirectory="abbb4f6a-fe6a-495d-b39b-156a6be893c4" /></Results><TestDefinitions><UnitTest name="WebApi.Tests.BeersController_.Should_Return_A_List_Of_Beers" storage="/src/webapi.tests/bin/debug/netcoreapp2.0/webapi.tests.dll" id="74d30aac-1d2c-4f7a-b5b5-eb7e9e536b15"><Execution id="abbb4f6a-fe6a-495d-b39b-156a6be893c4" /><TestMethod codeBase="/src/WebApi.Tests/bin/Debug/netcoreapp2.0/WebApi.Tests.dll" adapterTypeName="executor://xunit/VsTestRunner2/netcoreapp" className="WebApi.Tests.BeersController_" name="WebApi.Tests.BeersController_.Should_Return_A_List_Of_Beers" /></UnitTest></TestDefinitions><TestEntries><TestEntry testId="74d30aac-1d2c-4f7a-b5b5-eb7e9e536b15" executionId="abbb4f6a-fe6a-495d-b39b-156a6be893c4" testListId="8c84fa94-04c1-424b-9868-57a2d4851a1d" /></TestEntries><TestLists><TestList name="Results Not in a List" id="8c84fa94-04c1-424b-9868-57a2d4851a1d" /><TestList name="All Loaded Results" id="19431567-8539-422a-85d7-44ee4e166bda" /></TestLists><ResultSummary outcome="Completed"><Counters total="1" executed="1" passed="1" failed="0" error="0" timeout="0" aborted="0" inconclusive="0" passedButRunAborted="0" notRunnable="0" notExecuted="0" disconnected="0" warning="0" completed="0" inProgress="0" pending="0" /><Output><StdOut>[xUnit.net 00:00:01.4338835]   Discovering: WebApi.Tests[xUnit.net 00:00:01.5130659]   Discovered:  WebApi.Tests[xUnit.net 00:00:01.5202594]   Starting:    WebApi.Tests[xUnit.net 00:00:02.7829066]   Finished:    WebApi.Tests</StdOut></Output></ResultSummary></TestRun>